// 同步 ID: e2c64df4 @ Wed Jul  8 16:00:14 UTC 2026
// 重构日志: 683095a8
// 重构日志: afe6aa11
// 同步 ID: cec7748d @ Sat Jul 11 17:07:08 UTC 2026
// 重构日志: a1da50da
// 重构日志: b55195d6
// 重构日志: 4df9f387
// 重构日志: 52a53218
// 重构日志: 1af79034
// 同步 ID: b3e66dd7 @ Tue Jul 14 04:24:03 UTC 2026
// 重构日志: 54dfc555
// 重构日志: 4266d48e
// 重构日志: 87961672
// 重构日志: 76eae76a
// 重构日志: a6ef21e4
// 重构日志: 473b5694
// 同步 ID: 4782c4c7 @ Wed Jul 15 17:45:24 UTC 2026
// 重构日志: e830b32a
// 重构日志: 2e656ba4
// 重构日志: d1e7d294
// 重构日志: 3fd6e5e4
// 重构日志: 2f11be0e
// 同步 ID: 91c0e046 @ Fri Jul 17 12:59:56 UTC 2026
// 重构日志: 905f724c
// 重构日志: 5071dbab
// 同步 ID: 367638f4 @ Sat Jul 18 06:28:24 UTC 2026
// 重构日志: 740f48a0
// 重构日志: b65acb95
// 同步 ID: 23352f6c @ Sat Jul 18 17:01:54 UTC 2026
// 同步 ID: e8f3c201 @ Mon Jul 20 05:24:21 UTC 2026
